0 verbose cli C:\nvm4w\nodejs\node.exe C:\nvm4w\nodejs\node_modules\npm\bin\npm-cli.js
1 info using npm@10.9.4
2 info using node@v22.22.0
3 silly config load:file:C:\Users\wolfboy111\nvm\v22.22.0\node_modules\npm\npmrc
4 silly config load:file:C:\traework\c\.npmrc
5 silly config load:file:C:\Users\wolfboy111\.npmrc
6 silly config load:file:C:\Program Files\nodejs\node_global\etc\npmrc
7 verbose title npm install
8 verbose argv "install"
9 verbose logfile logs-max:10 dir:C:\traework\c\.npm-cache\_logs\2026-04-19T17_08_15_577Z-
10 verbose logfile C:\traework\c\.npm-cache\_logs\2026-04-19T17_08_15_577Z-debug-0.log
11 silly logfile done cleaning log files
12 silly packumentCache heap:4345298944 maxSize:1086324736 maxEntrySize:543162368
13 silly idealTree buildDeps
14 verbose shrinkwrap failed to load node_modules/.package-lock.json out of date, updated: node_modules
15 silly reify moves {}
16 silly audit bulk request {
16 silly audit   '@achrinza/node-ipc': [ '9.2.10' ],
16 silly audit   '@babel/code-frame': [ '7.29.0' ],
16 silly audit   '@babel/compat-data': [ '7.29.0' ],
16 silly audit   '@babel/helper-compilation-targets': [ '7.28.6' ],
16 silly audit   semver: [ '6.3.1', '5.7.2', '7.7.4' ],
16 silly audit   '@babel/helper-string-parser': [ '7.27.1' ],
16 silly audit   '@babel/helper-validator-identifier': [ '7.28.5' ],
16 silly audit   '@babel/helper-validator-option': [ '7.27.1' ],
16 silly audit   '@babel/parser': [ '7.29.2' ],
16 silly audit   '@babel/types': [ '7.29.0' ],
16 silly audit   '@ctrl/tinycolor': [ '4.2.0' ],
16 silly audit   '@discoveryjs/json-ext': [ '0.5.7' ],
16 silly audit   '@element-plus/icons-vue': [ '2.3.2' ],
16 silly audit   '@floating-ui/core': [ '1.7.5' ],
16 silly audit   '@floating-ui/dom': [ '1.7.6' ],
16 silly audit   '@floating-ui/utils': [ '0.2.11' ],
16 silly audit   '@hapi/hoek': [ '9.3.0' ],
16 silly audit   '@hapi/topo': [ '5.1.0' ],
16 silly audit   '@jridgewell/gen-mapping': [ '0.3.13' ],
16 silly audit   '@jridgewell/resolve-uri': [ '3.1.2' ],
16 silly audit   '@jridgewell/source-map': [ '0.3.11' ],
16 silly audit   '@jridgewell/sourcemap-codec': [ '1.5.5' ],
16 silly audit   '@jridgewell/trace-mapping': [ '0.3.31' ],
16 silly audit   '@leichtgewicht/ip-codec': [ '2.0.5' ],
16 silly audit   '@node-ipc/js-queue': [ '2.0.3' ],
16 silly audit   '@nodelib/fs.scandir': [ '2.1.5' ],
16 silly audit   '@nodelib/fs.stat': [ '2.0.5' ],
16 silly audit   '@nodelib/fs.walk': [ '1.2.8' ],
16 silly audit   '@polka/url': [ '1.0.0-next.29' ],
16 silly audit   '@sxzz/popperjs-es': [ '2.11.8' ],
16 silly audit   '@sideway/address': [ '4.1.5' ],
16 silly audit   '@sideway/formula': [ '3.0.1' ],
16 silly audit   '@sideway/pinpoint': [ '2.0.0' ],
16 silly audit   '@soda/friendly-errors-webpack-plugin': [ '1.8.1' ],
16 silly audit   chalk: [ '3.0.0', '4.1.2', '2.4.2' ],
16 silly audit   '@soda/get-current-script': [ '1.0.2' ],
16 silly audit   '@types/body-parser': [ '1.19.6' ],
16 silly audit   '@types/bonjour': [ '3.5.13' ],
16 silly audit   '@types/connect': [ '3.4.38' ],
16 silly audit   '@types/connect-history-api-fallback': [ '1.5.4' ],
16 silly audit   '@types/eslint': [ '9.6.1' ],
16 silly audit   '@types/eslint-scope': [ '3.7.7' ],
16 silly audit   '@types/estree': [ '1.0.8' ],
16 silly audit   '@types/express': [ '4.17.25' ],
16 silly audit   '@types/express-serve-static-core': [ '5.1.1', '4.19.8' ],
16 silly audit   '@types/html-minifier-terser': [ '6.1.0' ],
16 silly audit   '@types/http-errors': [ '2.0.5' ],
16 silly audit   '@types/http-proxy': [ '1.17.17' ],
16 silly audit   '@types/json-schema': [ '7.0.15' ],
16 silly audit   '@types/lodash': [ '4.17.24' ],
16 silly audit   '@types/lodash-es': [ '4.17.12' ],
16 silly audit   '@types/mime': [ '1.3.5' ],
16 silly audit   '@types/minimist': [ '1.2.5' ],
16 silly audit   '@types/node': [ '25.6.0' ],
16 silly audit   '@types/node-forge': [ '1.3.14' ],
16 silly audit   '@types/normalize-package-data': [ '2.4.4' ],
16 silly audit   '@types/parse-json': [ '4.0.2' ],
16 silly audit   '@types/qs': [ '6.15.0' ],
16 silly audit   '@types/range-parser': [ '1.2.7' ],
16 silly audit   '@types/retry': [ '0.12.0' ],
16 silly audit   '@types/send': [ '1.2.1', '0.17.6' ],
16 silly audit   '@types/serve-index': [ '1.9.4' ],
16 silly audit   '@types/serve-static': [ '1.15.10' ],
16 silly audit   '@types/sockjs': [ '0.3.36' ],
16 silly audit   '@types/web-bluetooth': [ '0.0.20' ],
16 silly audit   '@types/ws': [ '8.18.1' ],
16 silly audit   '@vue/cli-overlay': [ '5.0.9' ],
16 silly audit   '@vue/cli-plugin-router': [ '5.0.9' ],
16 silly audit   '@vue/cli-plugin-vuex': [ '5.0.9' ],
16 silly audit   '@vue/cli-service': [ '5.0.9' ],
16 silly audit   debug: [ '4.4.3', '2.6.9' ],
16 silly audit   ms: [ '2.1.3', '2.0.0' ],
16 silly audit   '@vue/cli-shared-utils': [ '5.0.9' ],
16 silly audit   'cross-spawn': [ '6.0.6', '7.0.6' ],
16 silly audit   execa: [ '1.0.0', '5.1.1' ],
16 silly audit   'get-stream': [ '4.1.0', '6.0.1' ],
16 silly audit   'is-stream': [ '1.1.0', '2.0.1' ],
16 silly audit   'lru-cache': [ '6.0.0', '4.1.5', '5.1.1' ],
16 silly audit   'npm-run-path': [ '2.0.2', '4.0.1' ],
16 silly audit   'path-key': [ '2.0.1', '3.1.1' ],
16 silly audit   'shebang-command': [ '1.2.0', '2.0.0' ],
16 silly audit   'shebang-regex': [ '1.0.0', '3.0.0' ],
16 silly audit   which: [ '1.3.1', '2.0.2' ],
16 silly audit   yallist: [ '4.0.0', '2.1.2', '3.1.1' ],
16 silly audit   '@vue/compiler-core': [ '3.5.32' ],
16 silly audit   '@vue/compiler-dom': [ '3.5.32' ],
16 silly audit   '@vue/compiler-sfc': [ '3.5.32' ],
16 silly audit   '@vue/compiler-ssr': [ '3.5.32' ],
16 silly audit   '@vue/component-compiler-utils': [ '3.3.0' ],
16 silly audit   'hash-sum': [ '1.0.2', '2.0.0' ],
16 silly audit   picocolors: [ '0.2.1', '1.1.1' ],
16 silly audit   postcss: [ '7.0.39', '8.5.10' ],
16 silly audit   'postcss-selector-parser': [ '6.1.2', '7.1.1' ],
16 silly audit   '@vue/devtools-api': [ '6.6.4' ],
16 silly audit   '@vue/reactivity': [ '3.5.32' ],
16 silly audit   '@vue/runtime-core': [ '3.5.32' ],
16 silly audit   '@vue/runtime-dom': [ '3.5.32' ],
16 silly audit   '@vue/server-renderer': [ '3.5.32' ],
16 silly audit   '@vue/shared': [ '3.5.32' ],
16 silly audit   'vue-loader': [ '15.11.1', '17.4.2' ],
16 silly audit   '@vue/web-component-wrapper': [ '1.3.0' ],
16 silly audit   '@vueuse/core': [ '12.0.0' ],
16 silly audit   '@vueuse/metadata': [ '12.0.0' ],
16 silly audit   '@vueuse/shared': [ '12.0.0' ],
16 silly audit   '@webassemblyjs/ast': [ '1.14.1' ],
16 silly audit   '@webassemblyjs/floating-point-hex-parser': [ '1.13.2' ],
16 silly audit   '@webassemblyjs/helper-api-error': [ '1.13.2' ],
16 silly audit   '@webassemblyjs/helper-buffer': [ '1.14.1' ],
16 silly audit   '@webassemblyjs/helper-numbers': [ '1.13.2' ],
16 silly audit   '@webassemblyjs/helper-wasm-bytecode': [ '1.13.2' ],
16 silly audit   '@webassemblyjs/helper-wasm-section': [ '1.14.1' ],
16 silly audit   '@webassemblyjs/ieee754': [ '1.13.2' ],
16 silly audit   '@webassemblyjs/leb128': [ '1.13.2' ],
16 silly audit   '@webassemblyjs/utf8': [ '1.13.2' ],
16 silly audit   '@webassemblyjs/wasm-edit': [ '1.14.1' ],
16 silly audit   '@webassemblyjs/wasm-gen': [ '1.14.1' ],
16 silly audit   '@webassemblyjs/wasm-opt': [ '1.14.1' ],
16 silly audit   '@webassemblyjs/wasm-parser': [ '1.14.1' ],
16 silly audit   '@webassemblyjs/wast-printer': [ '1.14.1' ],
16 silly audit   '@xtuc/ieee754': [ '1.2.0' ],
16 silly audit   '@xtuc/long': [ '4.2.2' ],
16 silly audit   accepts: [ '1.3.8' ],
16 silly audit   negotiator: [ '0.6.3', '0.6.4' ],
16 silly audit   acorn: [ '8.16.0' ],
16 silly audit   'acorn-import-phases': [ '1.0.4' ],
16 silly audit   'acorn-walk': [ '8.3.5' ],
16 silly audit   address: [ '1.2.2' ],
16 silly audit   ajv: [ '8.18.0', '6.14.0' ],
16 silly audit   'ajv-formats': [ '2.1.1' ],
16 silly audit   'ajv-keywords': [ '5.1.0', '3.5.2' ],
16 silly audit   'ansi-escapes': [ '3.2.0' ],
16 silly audit   'ansi-html-community': [ '0.0.8' ],
16 silly audit   'ansi-regex': [ '5.0.1', '3.0.1' ],
16 silly audit   'ansi-styles': [ '4.3.0', '3.2.1' ],
16 silly audit   'any-promise': [ '1.3.0' ],
16 silly audit   anymatch: [ '3.1.3' ],
16 silly audit   arch: [ '2.2.0' ],
16 silly audit   'array-flatten': [ '1.1.1' ],
16 silly audit   'array-union': [ '2.1.0' ],
16 silly audit   async: [ '3.2.6' ],
16 silly audit   'async-validator': [ '4.2.5' ],
16 silly audit   'at-least-node': [ '1.0.0' ],
16 silly audit   autoprefixer: [ '10.5.0' ],
16 silly audit   'balanced-match': [ '1.0.2' ],
16 silly audit   'base64-js': [ '1.5.1' ],
16 silly audit   'baseline-browser-mapping': [ '2.10.20' ],
16 silly audit   batch: [ '0.6.1' ],
16 silly audit   'big.js': [ '5.2.2' ],
16 silly audit   'binary-extensions': [ '2.3.0' ],
16 silly audit   bl: [ '4.1.0' ],
16 silly audit   bluebird: [ '3.7.2' ],
16 silly audit   'body-parser': [ '1.20.4' ],
16 silly audit   'bonjour-service': [ '1.3.0' ],
16 silly audit   boolbase: [ '1.0.0' ],
16 silly audit   'brace-expansion': [ '1.1.14' ],
16 silly audit   braces: [ '3.0.3' ],
16 silly audit   browserslist: [ '4.28.2' ],
16 silly audit   buffer: [ '5.7.1' ],
16 silly audit   'buffer-from': [ '1.1.2' ],
16 silly audit   bytes: [ '3.1.2' ],
16 silly audit   'call-bind-apply-helpers': [ '1.0.2' ],
16 silly audit   'call-bound': [ '1.0.4' ],
16 silly audit   callsites: [ '3.1.0' ],
16 silly audit   'camel-case': [ '4.1.2' ],
16 silly audit   'caniuse-api': [ '3.0.0' ],
16 silly audit   'caniuse-lite': [ '1.0.30001788' ],
16 silly audit   'case-sensitive-paths-webpack-plugin': [ '2.4.0' ],
16 silly audit   chokidar: [ '3.6.0' ],
16 silly audit   'chrome-trace-event': [ '1.0.4' ],
16 silly audit   'clean-css': [ '5.3.3' ],
16 silly audit   'cli-cursor': [ '3.1.0', '2.1.0' ],
16 silly audit   'cli-highlight': [ '2.1.11' ],
16 silly audit   'cli-spinners': [ '2.9.2' ],
16 silly audit   clipboardy: [ '2.3.0' ],
16 silly audit   cliui: [ '7.0.4' ],
16 silly audit   clone: [ '1.0.4' ],
16 silly audit   'clone-deep': [ '4.0.1' ],
16 silly audit   'color-convert': [ '2.0.1', '1.9.3' ],
16 silly audit   'color-name': [ '1.1.4', '1.1.3' ],
16 silly audit   colord: [ '2.9.3' ],
16 silly audit   colorette: [ '2.0.20' ],
16 silly audit   commander: [ '8.3.0', '7.2.0', '2.20.3' ],
16 silly audit   compressible: [ '2.0.18' ],
16 silly audit   compression: [ '1.8.1' ],
16 silly audit   'concat-map': [ '0.0.1' ],
16 silly audit   'connect-history-api-fallback': [ '2.0.0' ],
16 silly audit   consolidate: [ '0.15.1' ],
16 silly audit   'content-disposition': [ '0.5.4' ],
16 silly audit   'content-type': [ '1.0.5' ],
16 silly audit   cookie: [ '0.7.2' ],
16 silly audit   'cookie-signature': [ '1.0.7' ],
16 silly audit   'copy-webpack-plugin': [ '9.1.0' ],
16 silly audit   'glob-parent': [ '6.0.2', '5.1.2' ],
16 silly audit   'json-schema-traverse': [ '0.4.1', '1.0.0' ],
16 silly audit   'schema-utils': [ '3.3.0', '4.3.3' ],
16 silly audit   'core-util-is': [ '1.0.3' ],
16 silly audit   cosmiconfig: [ '7.1.0' ],
16 silly audit   'css-declaration-sorter': [ '6.4.1' ],
16 silly audit   'css-loader': [ '6.11.0' ],
16 silly audit   'css-minimizer-webpack-plugin': [ '3.4.1' ],
16 silly audit   'css-select': [ '4.3.0' ],
16 silly audit   'css-tree': [ '1.1.3' ],
16 silly audit   'css-what': [ '6.2.2' ],
16 silly audit   cssesc: [ '3.0.0' ],
16 silly audit   cssnano: [ '5.1.15' ],
16 silly audit   'cssnano-preset-default': [ '5.2.14' ],
16 silly audit   'cssnano-utils': [ '3.1.0' ],
16 silly audit   csso: [ '4.2.0' ],
16 silly audit   csstype: [ '3.2.3' ],
16 silly audit   dayjs: [ '1.11.20' ],
16 silly audit   debounce: [ '1.2.1' ],
16 silly audit   deepmerge: [ '1.5.2' ],
16 silly audit   'default-gateway': [ '6.0.3' ],
16 silly audit   defaults: [ '1.0.4' ],
16 silly audit   'define-lazy-prop': [ '2.0.0' ],
16 silly audit   depd: [ '2.0.0', '1.1.2' ],
16 silly audit   destroy: [ '1.2.0' ],
16 silly audit   'detect-node': [ '2.1.0' ],
16 silly audit   'dir-glob': [ '3.0.1' ],
16 silly audit   'dns-packet': [ '5.6.1' ],
16 silly audit   'dom-converter': [ '0.2.0' ],
16 silly audit   'dom-serializer': [ '1.4.1' ],
16 silly audit   entities: [ '2.2.0', '7.0.1' ],
16 silly audit   domelementtype: [ '2.3.0' ],
16 silly audit   domhandler: [ '4.3.1' ],
16 silly audit   domutils: [ '2.8.0' ],
16 silly audit   'dot-case': [ '3.0.4' ],
16 silly audit   dotenv: [ '10.0.0' ],
16 silly audit   'dotenv-expand': [ '5.1.0' ],
16 silly audit   'dunder-proto': [ '1.0.1' ],
16 silly audit   duplexer: [ '0.1.2' ],
16 silly audit   'easy-stack': [ '1.0.1' ],
16 silly audit   'ee-first': [ '1.1.1' ],
16 silly audit   'electron-to-chromium': [ '1.5.340' ],
16 silly audit   'element-plus': [ '2.13.7' ],
16 silly audit   'emoji-regex': [ '8.0.0' ],
16 silly audit   'emojis-list': [ '3.0.0' ],
16 silly audit   encodeurl: [ '2.0.0' ],
16 silly audit   'end-of-stream': [ '1.4.5' ],
16 silly audit   'enhanced-resolve': [ '5.20.1' ],
16 silly audit   'error-ex': [ '1.3.4' ],
16 silly audit   'error-stack-parser': [ '2.1.4' ],
16 silly audit   'es-define-property': [ '1.0.1' ],
16 silly audit   'es-errors': [ '1.3.0' ],
16 silly audit   'es-module-lexer': [ '2.0.0' ],
16 silly audit   'es-object-atoms': [ '1.1.1' ],
16 silly audit   escalade: [ '3.2.0' ],
16 silly audit   'escape-html': [ '1.0.3' ],
16 silly audit   'escape-string-regexp': [ '1.0.5', '4.0.0' ],
16 silly audit   'eslint-scope': [ '5.1.1' ],
16 silly audit   esrecurse: [ '4.3.0' ],
16 silly audit   estraverse: [ '5.3.0', '4.3.0' ],
16 silly audit   'estree-walker': [ '2.0.2' ],
16 silly audit   etag: [ '1.8.1' ],
16 silly audit   'event-pubsub': [ '4.3.0' ],
16 silly audit   eventemitter3: [ '4.0.7' ],
16 silly audit   events: [ '3.3.0' ],
16 silly audit   express: [ '4.22.1' ],
16 silly audit   'fast-deep-equal': [ '3.1.3' ],
16 silly audit   'fast-glob': [ '3.3.3' ],
16 silly audit   'fast-json-stable-stringify': [ '2.1.0' ],
16 silly audit   'fast-uri': [ '3.1.0' ],
16 silly audit   fastq: [ '1.20.1' ],
16 silly audit   'faye-websocket': [ '0.11.4' ],
16 silly audit   figures: [ '2.0.0' ],
16 silly audit   'fill-range': [ '7.1.1' ],
16 silly audit   finalhandler: [ '1.3.2' ],
16 silly audit   'find-up': [ '4.1.0' ],
16 silly audit   flat: [ '5.0.2' ],
16 silly audit   'follow-redirects': [ '1.16.0' ],
16 silly audit   forwarded: [ '0.2.0' ],
16 silly audit   'fraction.js': [ '5.3.4' ],
16 silly audit   fresh: [ '0.5.2' ],
16 silly audit   'fs-extra': [ '9.1.0' ],
16 silly audit   'fs-monkey': [ '1.1.0' ],
16 silly audit   'fs.realpath': [ '1.0.0' ],
16 silly audit   'function-bind': [ '1.1.2' ],
16 silly audit   'get-caller-file': [ '2.0.5' ],
16 silly audit   'get-intrinsic': [ '1.3.0' ],
16 silly audit   'get-proto': [ '1.0.1' ],
16 silly audit   glob: [ '7.2.3' ],
16 silly audit   'glob-to-regexp': [ '0.4.1' ],
16 silly audit   globby: [ '11.1.0' ],
16 silly audit   gopd: [ '1.2.0' ],
16 silly audit   'graceful-fs': [ '4.2.11' ],
16 silly audit   'gzip-size': [ '6.0.0' ],
16 silly audit   'handle-thing': [ '2.0.1' ],
16 silly audit   'has-flag': [ '4.0.0', '3.0.0' ],
16 silly audit   'has-symbols': [ '1.1.0' ],
16 silly audit   hasown: [ '2.0.3' ],
16 silly audit   he: [ '1.2.0' ],
16 silly audit   'highlight.js': [ '10.7.3' ],
16 silly audit   'hosted-git-info': [ '2.8.9' ],
16 silly audit   'hpack.js': [ '2.1.6' ],
16 silly audit   'readable-stream': [ '2.3.8', '3.6.2' ],
16 silly audit   'safe-buffer': [ '5.1.2', '5.2.1' ],
16 silly audit   string_decoder: [ '1.1.1', '1.3.0' ],
16 silly audit   'html-entities': [ '2.6.0' ],
16 silly audit   'html-escaper': [ '2.0.2' ],
16 silly audit   'html-minifier-terser': [ '6.1.0' ],
16 silly audit   'html-webpack-plugin': [ '5.6.7' ],
16 silly audit   htmlparser2: [ '6.1.0' ],
16 silly audit   'http-deceiver': [ '1.2.7' ],
16 silly audit   'http-errors': [ '2.0.1', '1.8.1' ],
16 silly audit   'http-parser-js': [ '0.5.10' ],
16 silly audit   'http-proxy': [ '1.18.1' ],
16 silly audit   'http-proxy-middleware': [ '2.0.9' ],
16 silly audit   'human-signals': [ '2.1.0' ],
16 silly audit   'iconv-lite': [ '0.4.24' ],
16 silly audit   'icss-utils': [ '5.1.0' ],
16 silly audit   ieee754: [ '1.2.1' ],
16 silly audit   ignore: [ '5.3.2' ],
16 silly audit   'import-fresh': [ '3.3.1' ],
16 silly audit   'resolve-from': [ '4.0.0' ],
16 silly audit   inflight: [ '1.0.6' ],
16 silly audit   inherits: [ '2.0.4' ],
16 silly audit   'ipaddr.js': [ '2.3.0', '1.9.1' ],
16 silly audit   'is-arrayish': [ '0.2.1' ],
16 silly audit   'is-binary-path': [ '2.1.0' ],
16 silly audit   'is-core-module': [ '2.16.1' ],
16 silly audit   'is-docker': [ '2.2.1' ],
16 silly audit   'is-extglob': [ '2.1.1' ],
16 silly audit   'is-file-esm': [ '1.0.0' ],
16 silly audit   'is-fullwidth-code-point': [ '3.0.0', '2.0.0' ],
16 silly audit   'is-glob': [ '4.0.3' ],
16 silly audit   'is-interactive': [ '1.0.0' ],
16 silly audit   'is-number': [ '7.0.0' ],
16 silly audit   'is-plain-obj': [ '3.0.0' ],
16 silly audit   'is-plain-object': [ '2.0.4' ],
16 silly audit   'is-unicode-supported': [ '0.1.0' ],
16 silly audit   'is-wsl': [ '2.2.0' ],
16 silly audit   isarray: [ '1.0.0' ],
16 silly audit   isexe: [ '2.0.0' ],
16 silly audit   isobject: [ '3.0.1' ],
16 silly audit   'javascript-stringify': [ '2.1.0' ],
16 silly audit   'jest-worker': [ '27.5.1' ],
16 silly audit   'supports-color': [ '8.1.1', '5.5.0', '7.2.0' ],
16 silly audit   joi: [ '17.13.3' ],
16 silly audit   'js-message': [ '1.0.7' ],
16 silly audit   'js-tokens': [ '4.0.0' ],
16 silly audit   'json-parse-better-errors': [ '1.0.2' ],
16 silly audit   'json-parse-even-better-errors': [ '2.3.1' ],
16 silly audit   json5: [ '1.0.2', '2.2.3' ],
16 silly audit   jsonfile: [ '6.2.0' ],
16 silly audit   'kind-of': [ '6.0.3' ],
16 silly audit   klona: [ '2.0.6' ],
16 silly audit   'launch-editor': [ '2.13.2' ],
16 silly audit   'launch-editor-middleware': [ '2.13.2' ],
16 silly audit   lilconfig: [ '2.1.0' ],
16 silly audit   'lines-and-columns': [ '1.2.4' ],
16 silly audit   'loader-runner': [ '4.3.1' ],
16 silly audit   'loader-utils': [ '1.4.2', '2.0.4' ],
16 silly audit   'locate-path': [ '5.0.0' ],
16 silly audit   lodash: [ '4.18.1' ],
16 silly audit   'lodash-es': [ '4.18.1' ],
16 silly audit   'lodash-unified': [ '1.0.3' ],
16 silly audit   'lodash.defaultsdeep': [ '4.6.1' ],
16 silly audit   'lodash.mapvalues': [ '4.6.0' ],
16 silly audit   'lodash.memoize': [ '4.1.2' ],
16 silly audit   'lodash.uniq': [ '4.5.0' ],
16 silly audit   'log-symbols': [ '4.1.0' ],
16 silly audit   'log-update': [ '2.3.0' ],
16 silly audit   'mimic-fn': [ '1.2.0', '2.1.0' ],
16 silly audit   onetime: [ '2.0.1', '5.1.2' ],
16 silly audit   'restore-cursor': [ '2.0.0', '3.1.0' ],
16 silly audit   'string-width': [ '2.1.1', '4.2.3' ],
16 silly audit   'strip-ansi': [ '4.0.0', '6.0.1' ],
16 silly audit   'wrap-ansi': [ '3.0.1', '7.0.0' ],
16 silly audit   'lower-case': [ '2.0.2' ],
16 silly audit   'magic-string': [ '0.30.21' ],
16 silly audit   'math-intrinsics': [ '1.1.0' ],
16 silly audit   'mdn-data': [ '2.0.14' ],
16 silly audit   'media-typer': [ '0.3.0' ],
16 silly audit   memfs: [ '3.5.3' ],
16 silly audit   'memoize-one': [ '6.0.0' ],
16 silly audit   'merge-descriptors': [ '1.0.3' ],
16 silly audit   'merge-source-map': [ '1.1.0' ],
16 silly audit   'merge-stream': [ '2.0.0' ],
16 silly audit   merge2: [ '1.4.1' ],
16 silly audit   methods: [ '1.1.2' ],
16 silly audit   micromatch: [ '4.0.8' ],
16 silly audit   mime: [ '1.6.0' ],
16 silly audit   'mime-db': [ '1.54.0', '1.52.0' ],
16 silly audit   'mime-types': [ '2.1.35' ],
16 silly audit   'mini-css-extract-plugin': [ '2.10.2' ],
16 silly audit   'minimalistic-assert': [ '1.0.1' ],
16 silly audit   minimatch: [ '3.1.5' ],
16 silly audit   minimist: [ '1.2.8' ],
16 silly audit   minipass: [ '3.3.6' ],
16 silly audit   'module-alias': [ '2.3.4' ],
16 silly audit   mrmime: [ '2.0.1' ],
16 silly audit   'multicast-dns': [ '7.2.5' ],
16 silly audit   mz: [ '2.7.0' ],
16 silly audit   nanoid: [ '3.3.11' ],
16 silly audit   'neo-async': [ '2.6.2' ],
16 silly audit   'nice-try': [ '1.0.5' ],
16 silly audit   'no-case': [ '3.0.4' ],
16 silly audit   'node-fetch': [ '2.7.0' ],
16 silly audit   'node-forge': [ '1.4.0' ],
16 silly audit   'node-releases': [ '2.0.37' ],
16 silly audit   'normalize-package-data': [ '2.5.0' ],
16 silly audit   'normalize-path': [ '3.0.0' ],
16 silly audit   'normalize-url': [ '6.1.0' ],
16 silly audit   'normalize-wheel-es': [ '1.2.0' ],
16 silly audit   'nth-check': [ '2.1.1' ],
16 silly audit   'object-assign': [ '4.1.1' ],
16 silly audit   'object-inspect': [ '1.13.4' ],
16 silly audit   obuf: [ '1.1.2' ],
16 silly audit   'on-finished': [ '2.4.1' ],
16 silly audit   'on-headers': [ '1.1.0' ],
16 silly audit   once: [ '1.4.0' ],
16 silly audit   open: [ '8.4.2' ],
16 silly audit   opener: [ '1.5.2' ],
16 silly audit   ora: [ '5.4.1' ],
16 silly audit   'p-finally': [ '1.0.0' ],
16 silly audit   'p-limit': [ '2.3.0' ],
16 silly audit   'p-locate': [ '4.1.0' ],
16 silly audit   'p-retry': [ '4.6.2' ],
16 silly audit   'p-try': [ '2.2.0' ],
16 silly audit   'param-case': [ '3.0.4' ],
16 silly audit   'parent-module': [ '1.0.1' ],
16 silly audit   'parse-json': [ '5.2.0' ],
16 silly audit   parse5: [ '5.1.1', '6.0.1' ],
16 silly audit   'parse5-htmlparser2-tree-adapter': [ '6.0.1' ],
16 silly audit   parseurl: [ '1.3.3' ],
16 silly audit   'pascal-case': [ '3.1.2' ],
16 silly audit   'path-exists': [ '4.0.0' ],
16 silly audit   'path-is-absolute': [ '1.0.1' ],
16 silly audit   'path-parse': [ '1.0.7' ],
16 silly audit   'path-to-regexp': [ '0.1.13' ],
16 silly audit   'path-type': [ '4.0.0' ],
16 silly audit   picomatch: [ '2.3.2' ],
16 silly audit   portfinder: [ '1.0.38' ],
16 silly audit   'postcss-calc': [ '8.2.4' ],
16 silly audit   'postcss-colormin': [ '5.3.1' ],
16 silly audit   'postcss-convert-values': [ '5.1.3' ],
16 silly audit   'postcss-discard-comments': [ '5.1.2' ],
16 silly audit   'postcss-discard-duplicates': [ '5.1.0' ],
16 silly audit   'postcss-discard-empty': [ '5.1.1' ],
16 silly audit   'postcss-discard-overridden': [ '5.1.0' ],
16 silly audit   'postcss-loader': [ '6.2.1' ],
16 silly audit   'postcss-merge-longhand': [ '5.1.7' ],
16 silly audit   'postcss-merge-rules': [ '5.1.4' ],
16 silly audit   'postcss-minify-font-values': [ '5.1.0' ],
16 silly audit   'postcss-minify-gradients': [ '5.1.1' ],
16 silly audit   'postcss-minify-params': [ '5.1.4' ],
16 silly audit   'postcss-minify-selectors': [ '5.2.1' ],
16 silly audit   'postcss-modules-extract-imports': [ '3.1.0' ],
16 silly audit   'postcss-modules-local-by-default': [ '4.2.0' ],
16 silly audit   'postcss-modules-scope': [ '3.2.1' ],
16 silly audit   'postcss-modules-values': [ '4.0.0' ],
16 silly audit   'postcss-normalize-charset': [ '5.1.0' ],
16 silly audit   'postcss-normalize-display-values': [ '5.1.0' ],
16 silly audit   'postcss-normalize-positions': [ '5.1.1' ],
16 silly audit   'postcss-normalize-repeat-style': [ '5.1.1' ],
16 silly audit   'postcss-normalize-string': [ '5.1.0' ],
16 silly audit   'postcss-normalize-timing-functions': [ '5.1.0' ],
16 silly audit   'postcss-normalize-unicode': [ '5.1.1' ],
16 silly audit   'postcss-normalize-url': [ '5.1.0' ],
16 silly audit   'postcss-normalize-whitespace': [ '5.1.1' ],
16 silly audit   'postcss-ordered-values': [ '5.1.3' ],
16 silly audit   'postcss-reduce-initial': [ '5.1.2' ],
16 silly audit   'postcss-reduce-transforms': [ '5.1.0' ],
16 silly audit   'postcss-svgo': [ '5.1.0' ],
16 silly audit   'postcss-unique-selectors': [ '5.1.1' ],
16 silly audit   'postcss-value-parser': [ '4.2.0' ],
16 silly audit   prettier: [ '2.8.8' ],
16 silly audit   'pretty-error': [ '4.0.0' ],
16 silly audit   'process-nextick-args': [ '2.0.1' ],
16 silly audit   'progress-webpack-plugin': [ '1.0.16' ],
16 silly audit   'proxy-addr': [ '2.0.7' ],
16 silly audit   pseudomap: [ '1.0.2' ],
16 silly audit   pump: [ '3.0.4' ],
16 silly audit   punycode: [ '2.3.1' ],
16 silly audit   qs: [ '6.14.2' ],
16 silly audit   'queue-microtask': [ '1.2.3' ],
16 silly audit   randombytes: [ '2.1.0' ],
16 silly audit   'range-parser': [ '1.2.1' ],
16 silly audit   'raw-body': [ '2.5.3' ],
16 silly audit   'read-pkg': [ '5.2.0' ],
16 silly audit   'read-pkg-up': [ '7.0.1' ],
16 silly audit   'type-fest': [ '0.8.1', '0.6.0' ],
16 silly audit   readdirp: [ '3.6.0' ],
16 silly audit   relateurl: [ '0.2.7' ],
16 silly audit   renderkid: [ '3.0.0' ],
16 silly audit   'require-directory': [ '2.1.1' ],
16 silly audit   'require-from-string': [ '2.0.2' ],
16 silly audit   'requires-port': [ '1.0.0' ],
16 silly audit   resolve: [ '1.22.12' ],
16 silly audit   retry: [ '0.13.1' ],
16 silly audit   reusify: [ '1.1.0' ],
16 silly audit   rimraf: [ '3.0.2' ],
16 silly audit   'run-parallel': [ '1.2.0' ],
16 silly audit   'safer-buffer': [ '2.1.2' ],
16 silly audit   sax: [ '1.6.0' ],
16 silly audit   'select-hose': [ '2.0.0' ],
16 silly audit   selfsigned: [ '2.4.1' ],
16 silly audit   send: [ '0.19.2' ],
16 silly audit   'serialize-javascript': [ '6.0.2' ],
16 silly audit   'serve-index': [ '1.9.2' ],
16 silly audit   statuses: [ '1.5.0', '2.0.2' ],
16 silly audit   'serve-static': [ '1.16.3' ],
16 silly audit   setprototypeof: [ '1.2.0' ],
16 silly audit   'shallow-clone': [ '3.0.1' ],
16 silly audit   'shell-quote': [ '1.8.3' ],
16 silly audit   'side-channel': [ '1.1.0' ],
16 silly audit   'side-channel-list': [ '1.0.1' ],
16 silly audit   'side-channel-map': [ '1.0.1' ],
16 silly audit   'side-channel-weakmap': [ '1.0.2' ],
16 silly audit   'signal-exit': [ '3.0.7' ],
16 silly audit   sirv: [ '2.0.4' ],
16 silly audit   slash: [ '3.0.0' ],
16 silly audit   sockjs: [ '0.3.24' ],
16 silly audit   'source-map': [ '0.6.1' ],
16 silly audit   'source-map-js': [ '1.2.1' ],
16 silly audit   'source-map-support': [ '0.5.21' ],
16 silly audit   'spdx-correct': [ '3.2.0' ],
16 silly audit   'spdx-exceptions': [ '2.5.0' ],
16 silly audit   'spdx-expression-parse': [ '3.0.1' ],
16 silly audit   'spdx-license-ids': [ '3.0.23' ],
16 silly audit   spdy: [ '4.0.2' ],
16 silly audit   'spdy-transport': [ '3.0.0' ],
16 silly audit   ssri: [ '8.0.1' ],
16 silly audit   stable: [ '0.1.8' ],
16 silly audit   stackframe: [ '1.3.4' ],
16 silly audit   'strip-eof': [ '1.0.0' ],
16 silly audit   'strip-final-newline': [ '2.0.0' ],
16 silly audit   stylehacks: [ '5.1.1' ],
16 silly audit   'supports-preserve-symlinks-flag': [ '1.0.0' ],
16 silly audit   svgo: [ '2.8.2' ],
16 silly audit   tapable: [ '2.3.2' ],
16 silly audit   terser: [ '5.46.1' ],
16 silly audit   'terser-webpack-plugin': [ '5.4.0' ],
16 silly audit   thenify: [ '3.3.1' ],
16 silly audit   'thenify-all': [ '1.6.0' ],
16 silly audit   'thread-loader': [ '3.0.4' ],
16 silly audit   thunky: [ '1.1.0' ],
16 silly audit   'to-regex-range': [ '5.0.1' ],
16 silly audit   toidentifier: [ '1.0.1' ],
16 silly audit   totalist: [ '3.0.1' ],
16 silly audit   tr46: [ '0.0.3' ],
16 silly audit   tslib: [ '2.8.1' ],
16 silly audit   'type-is': [ '1.6.18' ],
16 silly audit   'undici-types': [ '7.19.2' ],
16 silly audit   universalify: [ '2.0.1' ],
16 silly audit   unpipe: [ '1.0.0' ],
16 silly audit   'update-browserslist-db': [ '1.2.3' ],
16 silly audit   'uri-js': [ '4.4.1' ],
16 silly audit   'util-deprecate': [ '1.0.2' ],
16 silly audit   utila: [ '0.4.0' ],
16 silly audit   'utils-merge': [ '1.0.1' ],
16 silly audit   uuid: [ '8.3.2' ],
16 silly audit   'validate-npm-package-license': [ '3.0.4' ],
16 silly audit   vary: [ '1.1.2' ],
16 silly audit   vue: [ '3.5.32' ],
16 silly audit   'vue-component-type-helpers': [ '3.2.7' ],
16 silly audit   'vue-hot-reload-api': [ '2.3.4' ],
16 silly audit   'vue-router': [ '4.6.4' ],
16 silly audit   'vue-style-loader': [ '4.1.3' ],
16 silly audit   'vue-template-es2015-compiler': [ '1.9.1' ],
16 silly audit   watchpack: [ '2.5.1' ],
16 silly audit   wbuf: [ '1.7.3' ],
16 silly audit   wcwidth: [ '1.0.1' ],
16 silly audit   'webidl-conversions': [ '3.0.1' ],
16 silly audit   webpack: [ '5.106.2' ],
16 silly audit   'webpack-bundle-analyzer': [ '4.10.2' ],
16 silly audit   ws: [ '7.5.10', '8.20.0' ],
16 silly audit   'webpack-chain': [ '6.5.1' ],
16 silly audit   'webpack-dev-middleware': [ '5.3.4' ],
16 silly audit   'webpack-dev-server': [ '4.15.2' ],
16 silly audit   'webpack-merge': [ '5.10.0' ],
16 silly audit   'webpack-sources': [ '3.3.4' ],
16 silly audit   'webpack-virtual-modules': [ '0.4.6' ],
16 silly audit   'websocket-driver': [ '0.7.4' ],
16 silly audit   'websocket-extensions': [ '0.1.4' ],
16 silly audit   'whatwg-fetch': [ '3.6.20' ],
16 silly audit   'whatwg-url': [ '5.0.0' ],
16 silly audit   wildcard: [ '2.0.1' ],
16 silly audit   wrappy: [ '1.0.2' ],
16 silly audit   y18n: [ '5.0.8' ],
16 silly audit   yaml: [ '1.10.3' ],
16 silly audit   yargs: [ '16.2.0' ],
16 silly audit   'yargs-parser': [ '20.2.9' ]
16 silly audit }
17 http fetch POST 404 https://registry.npmmirror.com/-/npm/v1/security/advisories/bulk 731ms
18 silly audit bulk request failed [object Object]
19 http fetch POST 404 https://registry.npmmirror.com/-/npm/v1/security/audits/quick 13ms
20 verbose audit error HttpErrorGeneral: 404 Not Found - POST https://registry.npmmirror.com/-/npm/v1/security/audits/quick - [NOT_IMPLEMENTED] /-/npm/v1/security/* not implemented yet
20 verbose audit error     at C:\Users\wolfboy111\nvm\v22.22.0\node_modules\npm\node_modules\npm-registry-fetch\lib\check-response.js:103:15
20 verbose audit error     at process.processTicksAndRejections (node:internal/process/task_queues:105:5)
20 verbose audit error     at async [getReport] (C:\Users\wolfboy111\nvm\v22.22.0\node_modules\npm\node_modules\@npmcli\arborist\lib\audit-report.js:336:21)
20 verbose audit error     at async AuditReport.run (C:\Users\wolfboy111\nvm\v22.22.0\node_modules\npm\node_modules\@npmcli\arborist\lib\audit-report.js:106:19)
20 verbose audit error     at async Arborist.reify (C:\Users\wolfboy111\nvm\v22.22.0\node_modules\npm\node_modules\@npmcli\arborist\lib\arborist\reify.js:268:24)
20 verbose audit error     at async Install.exec (C:\Users\wolfboy111\nvm\v22.22.0\node_modules\npm\lib\commands\install.js:150:5)
20 verbose audit error     at async Npm.exec (C:\Users\wolfboy111\nvm\v22.22.0\node_modules\npm\lib\npm.js:207:9)
20 verbose audit error     at async module.exports (C:\Users\wolfboy111\nvm\v22.22.0\node_modules\npm\lib\cli\entry.js:74:5) {
20 verbose audit error   headers: [Object: null prototype] {
20 verbose audit error     server: [ 'Tengine' ],
20 verbose audit error     date: [ 'Sun, 19 Apr 2026 17:08:26 GMT' ],
20 verbose audit error     'content-type': [ 'application/json' ],
20 verbose audit error     'transfer-encoding': [ 'chunked' ],
20 verbose audit error     connection: [ 'keep-alive' ],
20 verbose audit error     'strict-transport-security': [ 'max-age=5184000' ],
20 verbose audit error     via: [ 'kunlun6.cn6489[,404666]' ],
20 verbose audit error     'timing-allow-origin': [ '*' ],
20 verbose audit error     eagleid: [ '3d30538b17766185069725680e' ],
20 verbose audit error     'x-fetch-attempts': [ '1' ]
20 verbose audit error   },
20 verbose audit error   statusCode: 404,
20 verbose audit error   code: 'E404',
20 verbose audit error   method: 'POST',
20 verbose audit error   uri: 'https://registry.npmmirror.com/-/npm/v1/security/audits/quick',
20 verbose audit error   body: {
20 verbose audit error     error: '[NOT_IMPLEMENTED] /-/npm/v1/security/* not implemented yet'
20 verbose audit error   },
20 verbose audit error   pkgid: undefined
20 verbose audit error }
21 silly audit error [object Object]
22 silly audit report null
23 verbose cwd C:\traework\c
24 verbose os Windows_NT 10.0.22631
25 verbose node v22.22.0
26 verbose npm  v10.9.4
27 verbose exit 0
28 info ok
